Oct 15, 2022 3:10:28 PM org.apache.coyote.AbstractProtocol init
INFO: Initializing ProtocolHandler ["http-nio-auto-1"]
Oct 15, 2022 3:10:28 PM org.apache.tomcat.util.net.NioSelectorPool getSharedSelector
INFO: Using a shared selector for servlet write/read
Oct 15, 2022 3:10:28 PM org.apache.catalina.core.StandardService startInternal
INFO: Starting service [Tomcat]
Oct 15, 2022 3:10:28 PM org.apache.catalina.core.StandardEngine startInternal
INFO: Starting Servlet engine: [Apache Tomcat/8.5.69]
Oct 15, 2022 3:10:28 PM org.apache.coyote.AbstractProtocol start
INFO: Starting ProtocolHandler ["http-nio-auto-1-42745"]
Oct 15, 2022 3:10:29 PM exercise.servlet.SessionServlet login
INFO: Try authorization userlavern.keeling@gmail.com
Oct 15, 2022 3:10:29 PM exercise.servlet.SessionServlet login
INFO: Try authorization usershoshana.haley@hotmail.com
Oct 15, 2022 3:10:29 PM exercise.servlet.SessionServlet login
INFO: Try authorization usersuzann.barrows@hotmail.com
Oct 15, 2022 3:10:29 PM exercise.servlet.SessionServlet login
INFO: Try authorization userlavern.keeling@gmail.com
Oct 15, 2022 3:10:29 PM exercise.servlet.SessionServlet login
INFO: Try authorization userlavern.keeling@gmail.com
Oct 15, 2022 3:10:29 PM exercise.servlet.SessionServlet login
INFO: Try authorization userlavern.keeling@gmail.com
Oct 15, 2022 3:10:29 PM org.apache.coyote.AbstractProtocol pause
INFO: Pausing ProtocolHandler ["http-nio-auto-1-42745"]
Oct 15, 2022 3:10:29 PM org.apache.catalina.core.StandardService stopInternal
INFO: Stopping service [Tomcat]
Oct 15, 2022 3:10:29 PM org.apache.catalina.loader.WebappClassLoaderBase clearReferencesObjectStreamClassCaches
WARNING: When running on Java 9 or later you need to add "--add-opens=java.base/java.io=null" to the JVM command line arguments to enable ObjectStream cache memory leak protection. Alternatively, you can suppress this warning by disabling ObjectStream class cache memory leak protection.
Oct 15, 2022 3:10:29 PM org.apache.catalina.loader.WebappClassLoaderBase clearReferencesRmiTargets
WARNING: When running on Java 9 or later you need to add "--add-opens=java.rmi/sun.rmi.transport=null" to the JVM command line arguments to enable RMI Target memory leak detection. Alternatively, you can suppress this warning by disabling RMI Target memory leak detection.
Oct 15, 2022 3:10:29 PM org.apache.coyote.AbstractProtocol stop
INFO: Stopping ProtocolHandler ["http-nio-auto-1-42745"]
